2022-05-30 19:02:54,825 - weather-telegram - INFO - Getting updates
2022-05-30 19:02:54,825 - weather-telegram - DEBUG - URL: https://api.telegram.org/bot5431080760:AAGwPC3fZNA7ReJFvuf7wb_spEGQtHOJ-K8/getUpdates?timeout=None
2022-05-30 19:02:55,765 - weather-telegram - INFO - Getting updates
2022-05-30 19:02:55,765 - weather-telegram - DEBUG - URL: https://api.telegram.org/bot5431080760:AAGwPC3fZNA7ReJFvuf7wb_spEGQtHOJ-K8/getUpdates?timeout=None
2022-05-30 19:02:58,062 - weather-telegram - DEBUG - {'keyboard': [[{'text': 'Ростов-на-Дону'}], [{'text': 'Васильево-Петровское'}], [{'text': 'Поделись локацией', 'request_location': True}]], 'one_time_keyboard': True}
2022-05-30 19:02:59,007 - weather-telegram - INFO - Getting updates
2022-05-30 19:02:59,008 - weather-telegram - DEBUG - URL: https://api.telegram.org/bot5431080760:AAGwPC3fZNA7ReJFvuf7wb_spEGQtHOJ-K8/getUpdates?timeout=None&offset=283342660
2022-05-30 19:02:59,450 - weather-telegram - INFO - Погода для Ростов-на-Дону
2022-05-30 19:02:59,451 - weather-telegram - INFO - Requesting weather: http://api.openweathermap.org/data/2.5/weather?appid=69ae048ac11c7eb49129c9c2ce9d6d00&lang=ru&units=metric&q=Ростов-на-Дону
2022-05-30 19:02:59,451 - weather-telegram - DEBUG - URL: http://api.openweathermap.org/data/2.5/weather?appid=69ae048ac11c7eb49129c9c2ce9d6d00&lang=ru&units=metric&q=Ростов-на-Дону
2022-05-30 19:02:59,689 - weather-telegram - DEBUG - {'coord': {'lon': 39.7139, 'lat': 47.2364}, 'weather': [{'id': 803, 'main': 'Clouds', 'description': 'облачно с прояснениями', 'icon': '04d'}], 'base': 'stations', 'main': {'temp': 27.29, 'feels_like': 27.56, 'temp_min': 27.29, 'temp_max': 28.05, 'pressure': 1016, 'humidity': 48}, 'visibility': 10000, 'wind': {'speed': 4.02, 'deg': 81, 'gust': 0}, 'clouds': {'all': 51}, 'dt': 1653926361, 'sys': {'type': 2, 'id': 2000995, 'country': 'RU', 'sunrise': 1653874245, 'sunset': 1653930414}, 'timezone': 10800, 'id': 501175, 'name': 'Ростов-на-Дону', 'cod': 200}
2022-05-30 19:03:00,629 - weather-telegram - INFO - Getting updates
2022-05-30 19:03:00,630 - weather-telegram - DEBUG - URL: https://api.telegram.org/bot5431080760:AAGwPC3fZNA7ReJFvuf7wb_spEGQtHOJ-K8/getUpdates?timeout=None&offset=283342661
2022-05-30 19:03:01,568 - weather-telegram - INFO - Getting updates
2022-05-30 19:03:01,568 - weather-telegram - DEBUG - URL: https://api.telegram.org/bot5431080760:AAGwPC3fZNA7ReJFvuf7wb_spEGQtHOJ-K8/getUpdates?timeout=None&offset=283342661
2022-05-30 19:03:05,437 - weather-telegram - INFO - Getting updates
2022-05-30 19:03:05,437 - weather-telegram - DEBUG - URL: https://api.telegram.org/bot5431080760:AAGwPC3fZNA7ReJFvuf7wb_spEGQtHOJ-K8/getUpdates?timeout=None&offset=283342661
2022-05-30 19:03:06,381 - weather-telegram - INFO - Getting updates
2022-05-30 19:03:06,381 - weather-telegram - DEBUG - URL: https://api.telegram.org/bot5431080760:AAGwPC3fZNA7ReJFvuf7wb_spEGQtHOJ-K8/getUpdates?timeout=None&offset=283342661
2022-05-30 19:03:10,267 - weather-telegram - INFO - Getting updates
2022-05-30 19:03:10,267 - weather-telegram - DEBUG - URL: https://api.telegram.org/bot5431080760:AAGwPC3fZNA7ReJFvuf7wb_spEGQtHOJ-K8/getUpdates?timeout=None&offset=283342661
2022-05-30 19:03:11,208 - weather-telegram - INFO - Getting updates
2022-05-30 19:03:11,209 - weather-telegram - DEBUG - URL: https://api.telegram.org/bot5431080760:AAGwPC3fZNA7ReJFvuf7wb_spEGQtHOJ-K8/getUpdates?timeout=None&offset=283342661
2022-05-30 19:03:15,081 - weather-telegram - INFO - Getting updates
2022-05-30 19:03:15,081 - weather-telegram - DEBUG - URL: https://api.telegram.org/bot5431080760:AAGwPC3fZNA7ReJFvuf7wb_spEGQtHOJ-K8/getUpdates?timeout=None&offset=283342661
2022-05-30 19:03:16,020 - weather-telegram - INFO - Getting updates
2022-05-30 19:03:16,020 - weather-telegram - DEBUG - URL: https://api.telegram.org/bot5431080760:AAGwPC3fZNA7ReJFvuf7wb_spEGQtHOJ-K8/getUpdates?timeout=None&offset=283342661
2022-05-30 19:03:16,457 - weather-telegram - DEBUG - {'keyboard': [[{'text': 'Ростов-на-Дону'}], [{'text': 'Васильево-Петровское'}], [{'text': 'Поделись локацией', 'request_location': True}]], 'one_time_keyboard': True}
2022-05-30 19:03:17,474 - weather-telegram - INFO - Getting updates
2022-05-30 19:03:17,474 - weather-telegram - DEBUG - URL: https://api.telegram.org/bot5431080760:AAGwPC3fZNA7ReJFvuf7wb_spEGQtHOJ-K8/getUpdates?timeout=None&offset=283342662
2022-05-30 19:03:17,997 - weather-telegram - INFO - Погода для Васильево-Петровское
2022-05-30 19:03:17,997 - weather-telegram - INFO - Requesting weather: http://api.openweathermap.org/data/2.5/weather?appid=69ae048ac11c7eb49129c9c2ce9d6d00&lang=ru&units=metric&q=Васильево-Петровское
2022-05-30 19:03:17,997 - weather-telegram - DEBUG - URL: http://api.openweathermap.org/data/2.5/weather?appid=69ae048ac11c7eb49129c9c2ce9d6d00&lang=ru&units=metric&q=Васильево-Петровское
2022-05-30 19:03:18,233 - weather-telegram - DEBUG - {'coord': {'lon': 39.5023, 'lat': 46.9678}, 'weather': [{'id': 803, 'main': 'Clouds', 'description': 'облачно с прояснениями', 'icon': '04d'}], 'base': 'stations', 'main': {'temp': 27.64, 'feels_like': 29.23, 'temp_min': 27.64, 'temp_max': 27.64, 'pressure': 1014, 'humidity': 63, 'sea_level': 1014, 'grnd_level': 1012}, 'visibility': 10000, 'wind': {'speed': 2.94, 'deg': 76, 'gust': 4.07}, 'clouds': {'all': 58}, 'dt': 1653926511, 'sys': {'type': 2, 'id': 2000995, 'country': 'RU', 'sunrise': 1653874360, 'sunset': 1653930401}, 'timezone': 10800, 'id': 580054, 'name': 'Васильево-Петровское', 'cod': 200}
2022-05-30 19:03:19,171 - weather-telegram - INFO - Getting updates
2022-05-30 19:03:19,171 - weather-telegram - DEBUG - URL: https://api.telegram.org/bot5431080760:AAGwPC3fZNA7ReJFvuf7wb_spEGQtHOJ-K8/getUpdates?timeout=None&offset=283342663
2022-05-30 19:03:20,109 - weather-telegram - INFO - Getting updates
2022-05-30 19:03:20,109 - weather-telegram - DEBUG - URL: https://api.telegram.org/bot5431080760:AAGwPC3fZNA7ReJFvuf7wb_spEGQtHOJ-K8/getUpdates?timeout=None&offset=283342663
2022-05-30 19:03:20,764 - weather-telegram - DEBUG - {'keyboard': [[{'text': 'Ростов-на-Дону'}], [{'text': 'Васильево-Петровское'}], [{'text': 'Поделись локацией', 'request_location': True}]], 'one_time_keyboard': True}
2022-05-30 19:03:21,702 - weather-telegram - INFO - Getting updates
2022-05-30 19:03:21,702 - weather-telegram - DEBUG - URL: https://api.telegram.org/bot5431080760:AAGwPC3fZNA7ReJFvuf7wb_spEGQtHOJ-K8/getUpdates?timeout=None&offset=283342664
2022-05-30 19:03:22,640 - weather-telegram - INFO - Getting updates
2022-05-30 19:03:22,641 - weather-telegram - DEBUG - URL: https://api.telegram.org/bot5431080760:AAGwPC3fZNA7ReJFvuf7wb_spEGQtHOJ-K8/getUpdates?timeout=None&offset=283342664
2022-05-30 19:03:23,078 - weather-telegram - INFO - Погода для Ростов-на-Дону
2022-05-30 19:03:23,079 - weather-telegram - INFO - Requesting weather: http://api.openweathermap.org/data/2.5/weather?appid=69ae048ac11c7eb49129c9c2ce9d6d00&lang=ru&units=metric&q=Ростов-на-Дону
2022-05-30 19:03:23,079 - weather-telegram - DEBUG - URL: http://api.openweathermap.org/data/2.5/weather?appid=69ae048ac11c7eb49129c9c2ce9d6d00&lang=ru&units=metric&q=Ростов-на-Дону
2022-05-30 19:03:23,315 - weather-telegram - DEBUG - {'coord': {'lon': 39.7139, 'lat': 47.2364}, 'weather': [{'id': 803, 'main': 'Clouds', 'description': 'облачно с прояснениями', 'icon': '04d'}], 'base': 'stations', 'main': {'temp': 27.29, 'feels_like': 27.56, 'temp_min': 27.29, 'temp_max': 28.05, 'pressure': 1016, 'humidity': 48}, 'visibility': 10000, 'wind': {'speed': 4.02, 'deg': 81, 'gust': 0}, 'clouds': {'all': 51}, 'dt': 1653926196, 'sys': {'type': 2, 'id': 2000995, 'country': 'RU', 'sunrise': 1653874245, 'sunset': 1653930414}, 'timezone': 10800, 'id': 501175, 'name': 'Ростов-на-Дону', 'cod': 200}
2022-05-30 19:03:24,253 - weather-telegram - INFO - Getting updates
2022-05-30 19:03:24,253 - weather-telegram - DEBUG - URL: https://api.telegram.org/bot5431080760:AAGwPC3fZNA7ReJFvuf7wb_spEGQtHOJ-K8/getUpdates?timeout=None&offset=283342665
2022-05-30 19:03:25,201 - weather-telegram - INFO - Getting updates
2022-05-30 19:03:25,201 - weather-telegram - DEBUG - URL: https://api.telegram.org/bot5431080760:AAGwPC3fZNA7ReJFvuf7wb_spEGQtHOJ-K8/getUpdates?timeout=None&offset=283342665
2022-05-30 19:03:29,067 - weather-telegram - INFO - Getting updates
2022-05-30 19:03:29,067 - weather-telegram - DEBUG - URL: https://api.telegram.org/bot5431080760:AAGwPC3fZNA7ReJFvuf7wb_spEGQtHOJ-K8/getUpdates?timeout=None&offset=283342665
2022-05-30 19:03:30,006 - weather-telegram - INFO - Getting updates
2022-05-30 19:03:30,006 - weather-telegram - DEBUG - URL: https://api.telegram.org/bot5431080760:AAGwPC3fZNA7ReJFvuf7wb_spEGQtHOJ-K8/getUpdates?timeout=None&offset=283342665
2022-05-30 19:03:33,896 - weather-telegram - INFO - Getting updates
2022-05-30 19:03:33,897 - weather-telegram - DEBUG - URL: https://api.telegram.org/bot5431080760:AAGwPC3fZNA7ReJFvuf7wb_spEGQtHOJ-K8/getUpdates?timeout=None&offset=283342665
2022-05-30 19:03:34,851 - weather-telegram - INFO - Getting updates
2022-05-30 19:03:34,852 - weather-telegram - DEBUG - URL: https://api.telegram.org/bot5431080760:AAGwPC3fZNA7ReJFvuf7wb_spEGQtHOJ-K8/getUpdates?timeout=None&offset=283342665
2022-05-30 19:03:38,721 - weather-telegram - INFO - Getting updates
2022-05-30 19:03:38,721 - weather-telegram - DEBUG - URL: https://api.telegram.org/bot5431080760:AAGwPC3fZNA7ReJFvuf7wb_spEGQtHOJ-K8/getUpdates?timeout=None&offset=283342665
2022-05-30 19:03:39,666 - weather-telegram - INFO - Getting updates
2022-05-30 19:03:39,666 - weather-telegram - DEBUG - URL: https://api.telegram.org/bot5431080760:AAGwPC3fZNA7ReJFvuf7wb_spEGQtHOJ-K8/getUpdates?timeout=None&offset=283342665
2022-05-30 19:03:43,536 - weather-telegram - INFO - Getting updates
2022-05-30 19:03:43,536 - weather-telegram - DEBUG - URL: https://api.telegram.org/bot5431080760:AAGwPC3fZNA7ReJFvuf7wb_spEGQtHOJ-K8/getUpdates?timeout=None&offset=283342665
2022-05-30 19:03:44,476 - weather-telegram - INFO - Getting updates
2022-05-30 19:03:44,476 - weather-telegram - DEBUG - URL: https://api.telegram.org/bot5431080760:AAGwPC3fZNA7ReJFvuf7wb_spEGQtHOJ-K8/getUpdates?timeout=None&offset=283342665
2022-05-30 19:03:48,344 - weather-telegram - INFO - Getting updates
2022-05-30 19:03:48,344 - weather-telegram - DEBUG - URL: https://api.telegram.org/bot5431080760:AAGwPC3fZNA7ReJFvuf7wb_spEGQtHOJ-K8/getUpdates?timeout=None&offset=283342665
2022-05-30 19:03:49,286 - weather-telegram - INFO - Getting updates
2022-05-30 19:03:49,286 - weather-telegram - DEBUG - URL: https://api.telegram.org/bot5431080760:AAGwPC3fZNA7ReJFvuf7wb_spEGQtHOJ-K8/getUpdates?timeout=None&offset=283342665
2022-05-30 19:03:53,157 - weather-telegram - INFO - Getting updates
2022-05-30 19:03:53,157 - weather-telegram - DEBUG - URL: https://api.telegram.org/bot5431080760:AAGwPC3fZNA7ReJFvuf7wb_spEGQtHOJ-K8/getUpdates?timeout=None&offset=283342665
2022-05-30 19:03:54,105 - weather-telegram - INFO - Getting updates
2022-05-30 19:03:54,105 - weather-telegram - DEBUG - URL: https://api.telegram.org/bot5431080760:AAGwPC3fZNA7ReJFvuf7wb_spEGQtHOJ-K8/getUpdates?timeout=None&offset=283342665
2022-05-30 19:03:57,976 - weather-telegram - INFO - Getting updates
2022-05-30 19:03:57,976 - weather-telegram - DEBUG - URL: https://api.telegram.org/bot5431080760:AAGwPC3fZNA7ReJFvuf7wb_spEGQtHOJ-K8/getUpdates?timeout=None&offset=283342665
2022-05-30 19:03:58,922 - weather-telegram - INFO - Getting updates
2022-05-30 19:03:58,922 - weather-telegram - DEBUG - URL: https://api.telegram.org/bot5431080760:AAGwPC3fZNA7ReJFvuf7wb_spEGQtHOJ-K8/getUpdates?timeout=None&offset=283342665
2022-05-30 19:04:01,569 - weather-telegram - INFO - SIGINT received. Exiting... Bye bye
